  edge.cpp
  graph.cpp
  main.cpp
C:\Users\dorra\source\repos\algorithmTask\algorithmTask\main.cpp(10,12): warning C4244: 'argument': conversion from 'float' to 'int', possible loss of data
C:\Users\dorra\source\repos\algorithmTask\algorithmTask\main.cpp(10,26): warning C4244: 'argument': conversion from 'float' to 'int', possible loss of data
C:\Users\dorra\source\repos\algorithmTask\algorithmTask\main.cpp(10,39): warning C4244: 'argument': conversion from 'float' to 'int', possible loss of data
C:\Users\dorra\source\repos\algorithmTask\algorithmTask\main.cpp(10,53): warning C4244: 'argument': conversion from 'float' to 'int', possible loss of data
C:\Users\dorra\source\repos\algorithmTask\algorithmTask\main.cpp(18,21): warning C4244: 'argument': conversion from 'float' to 'int', possible loss of data
C:\Users\dorra\source\repos\algorithmTask\algorithmTask\main.cpp(18,18): warning C4244: 'argument': conversion from 'float' to 'int', possible loss of data
C:\Users\dorra\source\repos\algorithmTask\algorithmTask\main.cpp(18,15): warning C4244: 'argument': conversion from 'float' to 'int', possible loss of data
C:\Users\dorra\source\repos\algorithmTask\algorithmTask\main.cpp(28,30): warning C4244: 'argument': conversion from 'float' to 'int', possible loss of data
C:\Users\dorra\source\repos\algorithmTask\algorithmTask\main.cpp(28,27): warning C4244: 'argument': conversion from 'float' to 'int', possible loss of data
C:\Users\dorra\source\repos\algorithmTask\algorithmTask\main.cpp(28,24): warning C4244: 'argument': conversion from 'float' to 'int', possible loss of data
C:\Users\dorra\source\repos\algorithmTask\algorithmTask\main.cpp(30,30): warning C4244: 'argument': conversion from 'float' to 'int', possible loss of data
C:\Users\dorra\source\repos\algorithmTask\algorithmTask\main.cpp(30,27): warning C4244: 'argument': conversion from 'float' to 'int', possible loss of data
C:\Users\dorra\source\repos\algorithmTask\algorithmTask\main.cpp(30,24): warning C4244: 'argument': conversion from 'float' to 'int', possible loss of data
C:\Users\dorra\source\repos\algorithmTask\algorithmTask\main.cpp(80,10): warning C4244: 'return': conversion from 'int' to 'float', possible loss of data
C:\Users\dorra\source\repos\algorithmTask\algorithmTask\main.cpp(110,82): warning C4244: 'argument': conversion from '_Ty' to 'int', possible loss of data
          with
          [
              _Ty=float
          ]
C:\Users\dorra\source\repos\algorithmTask\algorithmTask\main.cpp(240,20): warning C4018: '<': signed/unsigned mismatch
C:\Users\dorra\source\repos\algorithmTask\algorithmTask\main.cpp(247,20): warning C4018: '<': signed/unsigned mismatch
  my_priority_queue.cpp
C:\Users\dorra\source\repos\algorithmTask\algorithmTask\my_priority_queue.cpp(80,9): warning C4244: 'argument': conversion from 'int' to 'float', possible loss of data
  Generating Code...
  algorithmTask.vcxproj -> C:\Users\dorra\source\repos\algorithmTask\Debug\algorithmTask.exe
